[INFO] [2017-01-08 23:06:38][org.springframework.beans.factory.xml.XmlBeanDefinitionReader]Loading XML bean definitions from class path resource [spring-mybatis.xml]
[INFO] [2017-01-08 23:06:38][org.springframework.context.support.GenericApplicationContext]Refreshing org.springframework.context.support.GenericApplicationContext@5298db1f: startup date [Sun Jan 08 23:06:38 CST 2017]; root of context hierarchy
[INFO] [2017-01-08 23:06:38][org.springframework.beans.factory.config.PropertyPlaceholderConfigurer]Loading properties file from class path resource [jdbc.properties]
[INFO] [2017-01-08 23:06:38][org.springframework.beans.factory.annotation.AutowiredAnnotationBeanPostProcessor]JSR-330 'javax.inject.Inject' annotation found and supported for autowiring
[INFO] [2017-01-08 23:06:39][com.ssm.testmybatis.TestMyBatis]{"age":24,"id":1,"password":"123456","userName":"æµ‹è¯•"}
[INFO] [2017-01-08 23:06:39][org.springframework.context.support.GenericApplicationContext]Closing org.springframework.context.support.GenericApplicationContext@5298db1f: startup date [Sun Jan 08 23:06:38 CST 2017]; root of context hierarchy
[INFO] [2017-01-08 23:07:18][org.springframework.beans.factory.xml.XmlBeanDefinitionReader]Loading XML bean definitions from class path resource [spring-mybatis.xml]
[INFO] [2017-01-08 23:07:19][org.springframework.context.support.GenericApplicationContext]Refreshing org.springframework.context.support.GenericApplicationContext@a52a72a: startup date [Sun Jan 08 23:07:19 CST 2017]; root of context hierarchy
[INFO] [2017-01-08 23:07:19][org.springframework.beans.factory.config.PropertyPlaceholderConfigurer]Loading properties file from class path resource [jdbc.properties]
[INFO] [2017-01-08 23:07:19][org.springframework.beans.factory.annotation.AutowiredAnnotationBeanPostProcessor]JSR-330 'javax.inject.Inject' annotation found and supported for autowiring
[INFO] [2017-01-08 23:07:19][com.ssm.testmybatis.TestMyBatis]{"age":24,"id":1,"password":"123456","userName":"æµ‹è¯•"}
[INFO] [2017-01-08 23:07:19][org.springframework.context.support.GenericApplicationContext]Closing org.springframework.context.support.GenericApplicationContext@a52a72a: startup date [Sun Jan 08 23:07:19 CST 2017]; root of context hierarchy
[INFO] [2017-01-14 12:20:45][org.springframework.beans.factory.xml.XmlBeanDefinitionReader]Loading XML bean definitions from class path resource [spring-mybatis.xml]
[INFO] [2017-01-14 12:20:46][org.springframework.context.support.GenericApplicationContext]Refreshing org.springframework.context.support.GenericApplicationContext@3159fa96: startup date [Sat Jan 14 12:20:46 CST 2017]; root of context hierarchy
[INFO] [2017-01-14 12:20:46][org.springframework.beans.factory.config.PropertyPlaceholderConfigurer]Loading properties file from class path resource [jdbc.properties]
[INFO] [2017-01-14 12:20:46][org.springframework.beans.factory.annotation.AutowiredAnnotationBeanPostProcessor]JSR-330 'javax.inject.Inject' annotation found and supported for autowiring
[INFO] [2017-01-14 12:20:47][com.ssm.testmybatis.TestMyBatis]{"age":24,"id":1,"password":"123456","userName":"æµ‹è¯•"}
[INFO] [2017-01-14 12:20:47][org.springframework.context.support.GenericApplicationContext]Closing org.springframework.context.support.GenericApplicationContext@3159fa96: startup date [Sat Jan 14 12:20:46 CST 2017]; root of context hierarchy
[INFO] [2017-01-14 13:30:56][org.springframework.beans.factory.xml.XmlBeanDefinitionReader]Loading XML bean definitions from class path resource [spring-mybatis.xml]
[INFO] [2017-01-14 13:30:57][org.springframework.context.support.GenericApplicationContext]Refreshing org.springframework.context.support.GenericApplicationContext@2b158f20: startup date [Sat Jan 14 13:30:57 CST 2017]; root of context hierarchy
[INFO] [2017-01-14 13:30:57][org.springframework.beans.factory.config.PropertyPlaceholderConfigurer]Loading properties file from class path resource [jdbc.properties]
[INFO] [2017-01-14 13:30:57][org.springframework.beans.factory.annotation.AutowiredAnnotationBeanPostProcessor]JSR-330 'javax.inject.Inject' annotation found and supported for autowiring
[INFO] [2017-01-14 13:30:57][com.ssm.testmybatis.TestMyBatis]{"age":24,"id":1,"password":"123456","userName":"²âÊÔ"}
[INFO] [2017-01-14 13:30:57][org.springframework.context.support.GenericApplicationContext]Closing org.springframework.context.support.GenericApplicationContext@2b158f20: startup date [Sat Jan 14 13:30:57 CST 2017]; root of context hierarchy
[INFO] [2017-01-14 13:56:12][org.springframework.beans.factory.xml.XmlBeanDefinitionReader]Loading XML bean definitions from class path resource [spring-mybatis.xml]
[INFO] [2017-01-14 13:56:12][org.springframework.context.support.GenericApplicationContext]Refreshing org.springframework.context.support.GenericApplicationContext@59ea632e: startup date [Sat Jan 14 13:56:12 CST 2017]; root of context hierarchy
[INFO] [2017-01-14 13:56:12][org.springframework.beans.factory.config.PropertyPlaceholderConfigurer]Loading properties file from class path resource [jdbc.properties]
[INFO] [2017-01-14 13:56:12][org.springframework.beans.factory.annotation.AutowiredAnnotationBeanPostProcessor]JSR-330 'javax.inject.Inject' annotation found and supported for autowiring
[INFO] [2017-01-14 13:56:13][com.ssm.testmybatis.TestMyBatis]{"age":24,"id":1,"password":"123456","userName":"²âÊÔ"}
[INFO] [2017-01-14 13:56:13][org.springframework.context.support.GenericApplicationContext]Closing org.springframework.context.support.GenericApplicationContext@59ea632e: startup date [Sat Jan 14 13:56:12 CST 2017]; root of context hierarchy
[INFO] [2017-01-14 13:56:25][org.springframework.web.context.ContextLoader]Root WebApplicationContext: initialization started
[INFO] [2017-01-14 13:56:25][org.springframework.web.context.support.XmlWebApplicationContext]Refreshing Root WebApplicationContext: startup date [Sat Jan 14 13:56:25 CST 2017]; root of context hierarchy
[INFO] [2017-01-14 13:56:25][org.springframework.beans.factory.xml.XmlBeanDefinitionReader]Loading XML bean definitions from class path resource [spring-mybatis.xml]
[INFO] [2017-01-14 13:56:25][org.springframework.beans.factory.config.PropertyPlaceholderConfigurer]Loading properties file from class path resource [jdbc.properties]
[INFO] [2017-01-14 13:56:25][org.springframework.beans.factory.annotation.AutowiredAnnotationBeanPostProcessor]JSR-330 'javax.inject.Inject' annotation found and supported for autowiring
[INFO] [2017-01-14 13:56:25][org.springframework.web.context.ContextLoader]Root WebApplicationContext: initialization completed in 547 ms
[INFO] [2017-01-14 13:56:25][org.springframework.web.servlet.DispatcherServlet]FrameworkServlet 'SpringMVC': initialization started
[INFO] [2017-01-14 13:56:25][org.springframework.web.context.support.XmlWebApplicationContext]Refreshing WebApplicationContext for namespace 'SpringMVC-servlet': startup date [Sat Jan 14 13:56:25 CST 2017]; parent: Root WebApplicationContext
[INFO] [2017-01-14 13:56:25][org.springframework.beans.factory.xml.XmlBeanDefinitionReader]Loading XML bean definitions from class path resource [spring-mvc.xml]
[INFO] [2017-01-14 13:56:25][org.springframework.beans.factory.annotation.AutowiredAnnotationBeanPostProcessor]JSR-330 'javax.inject.Inject' annotation found and supported for autowiring
[INFO] [2017-01-14 13:56:25][org.springframework.web.servlet.mvc.method.annotation.RequestMappingHandlerMapping]Mapped "{[/user/showUser],methods=[],params=[],headers=[],consumes=[],produces=[],custom=[]}" onto public java.lang.String com.ssm.controller.UserController.toIndex(javax.servlet.http.HttpServletRequest,org.springframework.ui.Model)
[INFO] [2017-01-14 13:56:26][org.springframework.web.servlet.handler.SimpleUrlHandlerMapping]Mapped URL path [/**] onto handler 'org.springframework.web.servlet.resource.DefaultServletHttpRequestHandler#0'
[INFO] [2017-01-14 13:56:26][org.springframework.web.servlet.DispatcherServlet]FrameworkServlet 'SpringMVC': initialization completed in 488 ms
[INFO] [2017-01-14 13:56:48][org.springframework.web.context.ContextLoader]Root WebApplicationContext: initialization started
[INFO] [2017-01-14 13:56:48][org.springframework.web.context.support.XmlWebApplicationContext]Refreshing Root WebApplicationContext: startup date [Sat Jan 14 13:56:48 CST 2017]; root of context hierarchy
[INFO] [2017-01-14 13:56:48][org.springframework.beans.factory.xml.XmlBeanDefinitionReader]Loading XML bean definitions from class path resource [spring-mybatis.xml]
[INFO] [2017-01-14 13:56:48][org.springframework.beans.factory.config.PropertyPlaceholderConfigurer]Loading properties file from class path resource [jdbc.properties]
[INFO] [2017-01-14 13:56:48][org.springframework.beans.factory.annotation.AutowiredAnnotationBeanPostProcessor]JSR-330 'javax.inject.Inject' annotation found and supported for autowiring
[INFO] [2017-01-14 13:56:49][org.springframework.web.context.ContextLoader]Root WebApplicationContext: initialization completed in 532 ms
[INFO] [2017-01-14 13:56:49][org.springframework.web.servlet.DispatcherServlet]FrameworkServlet 'SpringMVC': initialization started
[INFO] [2017-01-14 13:56:49][org.springframework.web.context.support.XmlWebApplicationContext]Refreshing WebApplicationContext for namespace 'SpringMVC-servlet': startup date [Sat Jan 14 13:56:49 CST 2017]; parent: Root WebApplicationContext
[INFO] [2017-01-14 13:56:49][org.springframework.beans.factory.xml.XmlBeanDefinitionReader]Loading XML bean definitions from class path resource [spring-mvc.xml]
[INFO] [2017-01-14 13:56:49][org.springframework.beans.factory.annotation.AutowiredAnnotationBeanPostProcessor]JSR-330 'javax.inject.Inject' annotation found and supported for autowiring
[INFO] [2017-01-14 13:56:49][org.springframework.web.servlet.mvc.method.annotation.RequestMappingHandlerMapping]Mapped "{[/user/showUser],methods=[],params=[],headers=[],consumes=[],produces=[],custom=[]}" onto public java.lang.String com.ssm.controller.UserController.toIndex(javax.servlet.http.HttpServletRequest,org.springframework.ui.Model)
[INFO] [2017-01-14 13:56:49][org.springframework.web.servlet.handler.SimpleUrlHandlerMapping]Mapped URL path [/**] onto handler 'org.springframework.web.servlet.resource.DefaultServletHttpRequestHandler#0'
[INFO] [2017-01-14 13:56:49][org.springframework.web.servlet.DispatcherServlet]FrameworkServlet 'SpringMVC': initialization completed in 496 ms
[INFO] [2017-01-14 13:57:57][org.springframework.web.context.ContextLoader]Root WebApplicationContext: initialization started
[INFO] [2017-01-14 13:57:57][org.springframework.web.context.support.XmlWebApplicationContext]Refreshing Root WebApplicationContext: startup date [Sat Jan 14 13:57:57 CST 2017]; root of context hierarchy
[INFO] [2017-01-14 13:57:57][org.springframework.beans.factory.xml.XmlBeanDefinitionReader]Loading XML bean definitions from class path resource [spring-mybatis.xml]
[INFO] [2017-01-14 13:57:57][org.springframework.beans.factory.config.PropertyPlaceholderConfigurer]Loading properties file from class path resource [jdbc.properties]
[INFO] [2017-01-14 13:57:57][org.springframework.beans.factory.annotation.AutowiredAnnotationBeanPostProcessor]JSR-330 'javax.inject.Inject' annotation found and supported for autowiring
[INFO] [2017-01-14 13:57:57][org.springframework.web.context.ContextLoader]Root WebApplicationContext: initialization completed in 500 ms
[INFO] [2017-01-14 13:57:57][org.springframework.web.servlet.DispatcherServlet]FrameworkServlet 'SpringMVC': initialization started
[INFO] [2017-01-14 13:57:57][org.springframework.web.context.support.XmlWebApplicationContext]Refreshing WebApplicationContext for namespace 'SpringMVC-servlet': startup date [Sat Jan 14 13:57:57 CST 2017]; parent: Root WebApplicationContext
[INFO] [2017-01-14 13:57:57][org.springframework.beans.factory.xml.XmlBeanDefinitionReader]Loading XML bean definitions from class path resource [spring-mvc.xml]
[INFO] [2017-01-14 13:57:58][org.springframework.beans.factory.annotation.AutowiredAnnotationBeanPostProcessor]JSR-330 'javax.inject.Inject' annotation found and supported for autowiring
[INFO] [2017-01-14 13:57:58][org.springframework.web.servlet.mvc.method.annotation.RequestMappingHandlerMapping]Mapped "{[/user/showUser],methods=[],params=[],headers=[],consumes=[],produces=[],custom=[]}" onto public java.lang.String com.ssm.controller.UserController.toIndex(javax.servlet.http.HttpServletRequest,org.springframework.ui.Model)
[INFO] [2017-01-14 13:57:58][org.springframework.web.servlet.handler.SimpleUrlHandlerMapping]Mapped URL path [/**] onto handler 'org.springframework.web.servlet.resource.DefaultServletHttpRequestHandler#0'
[INFO] [2017-01-14 13:57:58][org.springframework.web.servlet.DispatcherServlet]FrameworkServlet 'SpringMVC': initialization completed in 485 ms
